[0m18:11:49.118135 [debug] [MainThread]: Sending event: {'category': 'dbt', 'action': 'invocation', 'label': 'start', 'context': [<snowplow_tracker.self_describing_json.SelfDescribingJson object at 0x0000020C1A51ACF0>, <snowplow_tracker.self_describing_json.SelfDescribingJson object at 0x0000020C1985D460>, <snowplow_tracker.self_describing_json.SelfDescribingJson object at 0x0000020C19BD1070>]}


============================== 18:11:49.519286 | 41b03e31-d375-4a0c-9a59-8ec96831e9e3 ==============================
[0m18:11:49.519286 [info ] [MainThread]: Running with dbt=1.11.5
[0m18:11:49.522350 [debug] [MainThread]: running dbt with arguments {'static_parser': 'True', 'no_print': 'None', 'version_check': 'True', 'target_path': 'None', 'warn_error_options': 'WarnErrorOptionsV2(error=[], warn=[], silence=[])', 'printer_width': '80', 'write_json': 'True', 'introspect': 'True', 'log_cache_events': 'False', 'empty': 'None', 'cache_selected_only': 'False', 'fail_fast': 'False', 'debug': 'False', 'log_format': 'default', 'profiles_dir': 'C:\\Users\\Lenovo\\.dbt', 'send_anonymous_usage_stats': 'True', 'quiet': 'False', 'warn_error': 'None', 'partial_parse': 'True', 'indirect_selection': 'eager', 'use_colors': 'True', 'invocation_command': 'dbt init', 'use_experimental_parser': 'False', 'log_path': 'logs'}
[0m18:11:50.905412 [info ] [MainThread]: Creating dbt configuration folder at C:\Users\Lenovo\.dbt
[0m18:17:45.221998 [debug] [MainThread]: Starter project path: C:\Users\Lenovo\Desktop\DBT_SNOW\.venv\Lib\site-packages\dbt\include\starter_project
[0m18:17:45.342917 [info ] [MainThread]: 
Your new dbt project "aws_dbt_snowflake_mp_project" was created!

For more information on how to configure the profiles.yml file,
please consult the dbt documentation here:

  https://docs.getdbt.com/docs/configure-your-profile

One more thing:

Need help? Don't hesitate to reach out to us via GitHub issues or on Slack:

  https://community.getdbt.com/

Happy modeling!

[0m18:17:45.344910 [info ] [MainThread]: Setting up your profile.
[0m18:18:21.924621 [debug] [MainThread]: Snowflake adapter: Setting snowflake.connector to ERROR (file logging only)
[0m18:18:21.928073 [debug] [MainThread]: Snowflake adapter: Setting botocore to ERROR (file logging only)
[0m18:18:21.929080 [debug] [MainThread]: Snowflake adapter: Setting boto3 to ERROR (file logging only)
[0m18:28:31.264117 [info ] [MainThread]: Profile aws_dbt_snowflake_mp_project written to C:\Users\Lenovo\.dbt\profiles.yml using target's profile_template.yml and your supplied values. Run 'dbt debug' to validate the connection.
[0m18:28:31.354104 [debug] [MainThread]: Command `dbt init` succeeded at 18:28:31.350103 after 1003.20 seconds
[0m18:28:31.365026 [debug] [MainThread]: Sending event: {'category': 'dbt', 'action': 'invocation', 'label': 'end', 'context': [<snowplow_tracker.self_describing_json.SelfDescribingJson object at 0x0000020C174A1160>, <snowplow_tracker.self_describing_json.SelfDescribingJson object at 0x0000020C1D8B3B00>, <snowplow_tracker.self_describing_json.SelfDescribingJson object at 0x0000020C1C310A10>]}
[0m18:28:31.374570 [debug] [MainThread]: Flushing usage events
[0m18:28:33.809664 [debug] [MainThread]: An error was encountered while trying to flush usage events
[0m14:26:19.126593 [debug] [MainThread]: Sending event: {'category': 'dbt', 'action': 'invocation', 'label': 'start', 'context': [<snowplow_tracker.self_describing_json.SelfDescribingJson object at 0x000001DDC2EA2960>, <snowplow_tracker.self_describing_json.SelfDescribingJson object at 0x000001DDC252A2D0>, <snowplow_tracker.self_describing_json.SelfDescribingJson object at 0x000001DDC2F8F3B0>]}


============================== 14:26:19.155744 | 0f1b13f1-4afa-4471-b78c-4abb470096b1 ==============================
[0m14:26:19.155744 [info ] [MainThread]: Running with dbt=1.11.5
[0m14:26:19.158747 [debug] [MainThread]: running dbt with arguments {'version_check': 'True', 'no_print': 'None', 'static_parser': 'True', 'target_path': 'None', 'warn_error_options': 'WarnErrorOptionsV2(error=[], warn=[], silence=[])', 'printer_width': '80', 'write_json': 'True', 'empty': 'False', 'log_cache_events': 'False', 'introspect': 'True', 'cache_selected_only': 'False', 'fail_fast': 'False', 'debug': 'False', 'log_format': 'default', 'profiles_dir': 'C:\\Users\\Lenovo\\.dbt', 'send_anonymous_usage_stats': 'True', 'quiet': 'False', 'warn_error': 'None', 'partial_parse': 'True', 'indirect_selection': 'eager', 'invocation_command': 'dbt run', 'use_colors': 'True', 'use_experimental_parser': 'False', 'log_path': 'logs'}
[0m14:26:19.161749 [error] [MainThread]: Encountered an error:
Runtime Error
  No dbt_project.yml found at expected path C:\Users\Lenovo\Desktop\DBT_SNOW\dbt_project.yml
  Verify that each entry within packages.yml (and their transitive dependencies) contains a file named dbt_project.yml
  
[0m14:26:19.168432 [debug] [MainThread]: Command `dbt run` failed at 14:26:19.167433 after 0.95 seconds
[0m14:26:19.172002 [debug] [MainThread]: Sending event: {'category': 'dbt', 'action': 'invocation', 'label': 'end', 'context': [<snowplow_tracker.self_describing_json.SelfDescribingJson object at 0x000001DDC2B7B1A0>, <snowplow_tracker.self_describing_json.SelfDescribingJson object at 0x000001DDC2FF48C0>, <snowplow_tracker.self_describing_json.SelfDescribingJson object at 0x000001DDC2E363C0>]}
[0m14:26:19.178788 [debug] [MainThread]: Flushing usage events
[0m14:26:22.995894 [debug] [MainThread]: An error was encountered while trying to flush usage events
